<?xml version='1.0' encoding='UTF-8'?>
<import>
    <products>
        <product>
            <attribute>
                <code>31158</code>
                <value>53366-10027</value>
            </attribute>
            <attribute>
                <code>Shop_SKU</code>
                <value>MyTest1</value>
            </attribute>
            <attribute>
                <code>Title_en</code>
                <value>MyTestTitle1</value>
            </attribute>
            <attribute>
                <code>EAN</code>
                <value>1111111111110</value>
            </attribute>
            <attribute>
                <code>Brand</code>
                <value>000635</value>
            </attribute>
            <attribute>
                <code>Short_description_en</code>
                <value>MyShortTest1</value>
            </attribute>
            <attribute>
                <code>Image1</code>
                <value>https://ischool.sjsu.edu/sites/main/files/imagecache/banner/main-images/camera_lense_0.jpeg</value>
            </attribute>
            <attribute>
                <code>30376</code>
                <value>10</value>
            </attribute>
            <attribute>
                <code>31063</code>
                <value>52899</value>
            </attribute>
            <attribute>
                <code>30347</code>
                <value>52899</value>
            </attribute>
            <attribute>
                <code>30949</code>
                <value>10</value>
            </attribute>
            <attribute>
                <code>31653</code>
                <value>52899</value>
            </attribute>
            <attribute>
                <code>31682</code>
                <value>10</value>
            </attribute>
            <attribute>
                <code>31757</code>
                <value>52899</value>
            </attribute>
            <attribute>
                <code>31672</code>
                <value>10</value>
            </attribute>
            <attribute>
                <code>30477</code>
                <value>52899</value>
            </attribute>
        </product>
    </products>
</import>